<?xml version="1.0" encoding="UTF-8" ?>
<testsuite failures="0" time="0.284" errors="0" skipped="0" tests="3" name="no.knowit.trafikantenkiller.TrafikantenKillerTest">
  <properties>
    <property name="java.runtime.name" value="Java(TM) SE Runtime Environment"/>
    <property name="sun.boot.library.path" value="/home/rja/dev/java/jdk1.6.0_18/jre/lib/i386"/>
    <property name="java.vm.version" value="16.0-b13"/>
    <property name="java.vm.vendor" value="Sun Microsystems Inc."/>
    <property name="java.vendor.url" value="http://java.sun.com/"/>
    <property name="path.separator" value=":"/>
    <property name="java.vm.name" value="Java HotSpot(TM) Server VM"/>
    <property name="file.encoding.pkg" value="sun.io"/>
    <property name="user.country" value="US"/>
    <property name="sun.java.launcher" value="SUN_STANDARD"/>
    <property name="sun.os.patch.level" value="unknown"/>
    <property name="java.vm.specification.name" value="Java Virtual Machine Specification"/>
    <property name="user.dir" value="/home/rja/dev/workspaces/nosql_expr/trafikanten-killer.bak"/>
    <property name="java.runtime.version" value="1.6.0_18-b07"/>
    <property name="java.awt.graphicsenv" value="sun.awt.X11GraphicsEnvironment"/>
    <property name="basedir" value="/home/rja/dev/workspaces/nosql_expr/trafikanten-killer.bak"/>
    <property name="java.endorsed.dirs" value="/home/rja/dev/java/jdk1.6.0_18/jre/lib/endorsed"/>
    <property name="os.arch" value="i386"/>
    <property name="surefire.real.class.path" value="/tmp/surefirebooter2625241641714375813.jar"/>
    <property name="java.io.tmpdir" value="/tmp"/>
    <property name="line.separator" value="
"/>
    <property name="java.vm.specification.vendor" value="Sun Microsystems Inc."/>
    <property name="os.name" value="Linux"/>
    <property name="sun.jnu.encoding" value="UTF-8"/>
    <property name="java.library.path" value="/home/rja/dev/java/jdk1.6.0_18/jre/lib/i386/server:/home/rja/dev/java/jdk1.6.0_18/jre/lib/i386:/home/rja/dev/java/jdk1.6.0_18/jre/../lib/i386:/usr/java/packages/lib/i386:/lib:/usr/lib"/>
    <property name="surefire.test.class.path" value="/home/rja/dev/workspaces/nosql_expr/trafikanten-killer.bak/target/test-classes:/home/rja/dev/workspaces/nosql_expr/trafikanten-killer.bak/target/classes:/home/rja/.m2/repository/log4j/log4j/1.2.15/log4j-1.2.15.jar:/home/rja/.m2/repository/javax/mail/mail/1.4/mail-1.4.jar:/home/rja/.m2/repository/javax/activation/activation/1.1/activation-1.1.jar:/home/rja/.m2/repository/junit/junit/4.6/junit-4.6.jar:/home/rja/.m2/repository/org/neo4j/neo4j-kernel/1.0/neo4j-kernel-1.0.jar:/home/rja/.m2/repository/org/apache/geronimo/specs/geronimo-jta_1.1_spec/1.1.1/geronimo-jta_1.1_spec-1.1.1.jar:/home/rja/.m2/repository/org/neo4j/neo4j-shell/1.0/neo4j-shell-1.0.jar:/home/rja/.m2/repository/jline/jline/0.9.94/jline-0.9.94.jar:/home/rja/.m2/repository/javax/transaction/jta/1.1/jta-1.1.jar:"/>
    <property name="java.specification.name" value="Java Platform API Specification"/>
    <property name="java.class.version" value="50.0"/>
    <property name="sun.management.compiler" value="HotSpot Tiered Compilers"/>
    <property name="os.version" value="2.6.31-19-generic-pae"/>
    <property name="user.home" value="/home/rja"/>
    <property name="user.timezone" value="Europe/Oslo"/>
    <property name="java.awt.printerjob" value="sun.print.PSPrinterJob"/>
    <property name="file.encoding" value="UTF-8"/>
    <property name="java.specification.version" value="1.6"/>
    <property name="user.name" value="rja"/>
    <property name="java.class.path" value="/home/rja/dev/workspaces/nosql_expr/trafikanten-killer.bak/target/test-classes:/home/rja/dev/workspaces/nosql_expr/trafikanten-killer.bak/target/classes:/home/rja/.m2/repository/log4j/log4j/1.2.15/log4j-1.2.15.jar:/home/rja/.m2/repository/javax/mail/mail/1.4/mail-1.4.jar:/home/rja/.m2/repository/javax/activation/activation/1.1/activation-1.1.jar:/home/rja/.m2/repository/junit/junit/4.6/junit-4.6.jar:/home/rja/.m2/repository/org/neo4j/neo4j-kernel/1.0/neo4j-kernel-1.0.jar:/home/rja/.m2/repository/org/apache/geronimo/specs/geronimo-jta_1.1_spec/1.1.1/geronimo-jta_1.1_spec-1.1.1.jar:/home/rja/.m2/repository/org/neo4j/neo4j-shell/1.0/neo4j-shell-1.0.jar:/home/rja/.m2/repository/jline/jline/0.9.94/jline-0.9.94.jar:/home/rja/.m2/repository/javax/transaction/jta/1.1/jta-1.1.jar:"/>
    <property name="java.vm.specification.version" value="1.0"/>
    <property name="sun.arch.data.model" value="32"/>
    <property name="java.home" value="/home/rja/dev/java/jdk1.6.0_18/jre"/>
    <property name="java.specification.vendor" value="Sun Microsystems Inc."/>
    <property name="user.language" value="en"/>
    <property name="java.vm.info" value="mixed mode"/>
    <property name="java.version" value="1.6.0_18"/>
    <property name="java.ext.dirs" value="/home/rja/dev/java/jdk1.6.0_18/jre/lib/ext:/usr/java/packages/lib/ext"/>
    <property name="sun.boot.class.path" value="/home/rja/dev/java/jdk1.6.0_18/jre/lib/resources.jar:/home/rja/dev/java/jdk1.6.0_18/jre/lib/rt.jar:/home/rja/dev/java/jdk1.6.0_18/jre/lib/sunrsasign.jar:/home/rja/dev/java/jdk1.6.0_18/jre/lib/jsse.jar:/home/rja/dev/java/jdk1.6.0_18/jre/lib/jce.jar:/home/rja/dev/java/jdk1.6.0_18/jre/lib/charsets.jar:/home/rja/dev/java/jdk1.6.0_18/jre/classes"/>
    <property name="java.vendor" value="Sun Microsystems Inc."/>
    <property name="localRepository" value="/home/rja/.m2/repository"/>
    <property name="file.separator" value="/"/>
    <property name="java.vendor.url.bug" value="http://java.sun.com/cgi-bin/bugreport.cgi"/>
    <property name="sun.cpu.endian" value="little"/>
    <property name="sun.io.unicode.encoding" value="UnicodeLittle"/>
    <property name="sun.desktop" value="gnome"/>
    <property name="sun.cpu.isalist" value=""/>
  </properties>
  <testcase time="0.258" classname="no.knowit.trafikantenkiller.TrafikantenKillerTest" name="testHentingAvHopOptimertRute"/>
  <testcase time="0" classname="no.knowit.trafikantenkiller.TrafikantenKillerTest" name="testHentingAvTidsOptimertRute"/>
  <testcase time="0.003" classname="no.knowit.trafikantenkiller.TrafikantenKillerTest" name="testPrintingRoute"/>
</testsuite>